  [1m[35m (5.5ms)[0m  [1m[34mSELECT sqlite_version(*)[0m
  [1m[35m (132.7ms)[0m  [1m[35mCREATE TABLE "schema_migrations" ("version" varchar NOT NULL PRIMARY KEY)[0m
  [1m[35m (108.6ms)[0m  [1m[35mCREATE TABLE "ar_internal_metadata" ("key" varchar NOT NULL PRIMARY KEY, "value" varchar, "created_at" datetime NOT NULL, "updated_at" datetime NOT NULL)[0m
  [1m[35m (0.2ms)[0m  [1m[34mSELECT "schema_migrations"."version" FROM "schema_migrations" ORDER BY "schema_migrations"."version" ASC[0m
Migrating to CreateProducts (20170824150006)
  [1m[35m (0.1ms)[0m  [1m[36mbegin transaction[0m
  [1m[35m (1.3ms)[0m  [1m[35mCREATE TABLE "products" ("id" INTEGER PRIMARY KEY AUTOINCREMENT NOT NULL, "name" varchar, "price" float, "created_at" datetime NOT NULL, "updated_at" datetime NOT NULL)[0m
  [1m[35mSQL (0.4ms)[0m  [1m[32mINSERT INTO "schema_migrations" ("version") VALUES (?)[0m  [["version", "20170824150006"]]
  [1m[35m (130.7ms)[0m  [1m[36mcommit transaction[0m
Migrating to CreateCategories (20170824150019)
  [1m[35m (0.2ms)[0m  [1m[36mbegin transaction[0m
  [1m[35m (1.2ms)[0m  [1m[35mCREATE TABLE "categories" ("id" INTEGER PRIMARY KEY AUTOINCREMENT NOT NULL, "name" varchar, "created_at" datetime NOT NULL, "updated_at" datetime NOT NULL)[0m
  [1m[35mSQL (0.4ms)[0m  [1m[32mINSERT INTO "schema_migrations" ("version") VALUES (?)[0m  [["version", "20170824150019"]]
  [1m[35m (137.2ms)[0m  [1m[36mcommit transaction[0m
Migrating to CreateJoinTableCategoriesProducts (20170824150216)
  [1m[35m (0.2ms)[0m  [1m[36mbegin transaction[0m
  [1m[35m (1.0ms)[0m  [1m[35mCREATE TABLE "categories_products" ("product_id" integer NOT NULL, "category_id" integer NOT NULL)[0m
  [1m[35m (0.6ms)[0m  [1m[35mCREATE  INDEX "index_categories_products_on_category_id_and_product_id" ON "categories_products" ("category_id", "product_id")[0m
  [1m[35m (0.4ms)[0m  [1m[34m            SELECT sql
            FROM sqlite_master
            WHERE name='index_categories_products_on_category_id_and_product_id' AND type='index'
            UNION ALL
            SELECT sql
            FROM sqlite_temp_master
            WHERE name='index_categories_products_on_category_id_and_product_id' AND type='index'
[0m
  [1m[35m (0.2ms)[0m  [1m[35mCREATE  INDEX "index_categories_products_on_product_id_and_category_id" ON "categories_products" ("product_id", "category_id")[0m
  [1m[35mSQL (0.2ms)[0m  [1m[32mINSERT INTO "schema_migrations" ("version") VALUES (?)[0m  [["version", "20170824150216"]]
  [1m[35m (143.2ms)[0m  [1m[36mcommit transaction[0m
  [1m[36mActiveRecord::InternalMetadata Load (0.8ms)[0m  [1m[34mSELECT  "ar_internal_metadata".* FROM "ar_internal_metadata" WHERE "ar_internal_metadata"."key" = ? LIMIT ?[0m  [["key", "environment"], ["LIMIT", 1]]
  [1m[35m (0.1ms)[0m  [1m[36mbegin transaction[0m
  [1m[35mSQL (0.3ms)[0m  [1m[32mINSERT INTO "ar_internal_metadata" ("key", "value", "created_at", "updated_at") VALUES (?, ?, ?, ?)[0m  [["key", "environment"], ["value", "development"], ["created_at", "2017-08-24 15:18:27.334380"], ["updated_at", "2017-08-24 15:18:27.334380"]]
  [1m[35m (76.8ms)[0m  [1m[36mcommit transaction[0m
  [1m[35m (0.6ms)[0m  [1m[34mSELECT "schema_migrations"."version" FROM "schema_migrations" ORDER BY "schema_migrations"."version" ASC[0m
  [1m[35m (0.7ms)[0m  [1m[34m            SELECT sql
            FROM sqlite_master
            WHERE name='index_categories_products_on_product_id_and_category_id' AND type='index'
            UNION ALL
            SELECT sql
            FROM sqlite_temp_master
            WHERE name='index_categories_products_on_product_id_and_category_id' AND type='index'
[0m
  [1m[35m (0.3ms)[0m  [1m[34m            SELECT sql
            FROM sqlite_master
            WHERE name='index_categories_products_on_category_id_and_product_id' AND type='index'
            UNION ALL
            SELECT sql
            FROM sqlite_temp_master
            WHERE name='index_categories_products_on_category_id_and_product_id' AND type='index'
[0m
Started GET "/" for 127.0.0.1 at 2017-08-24 10:18:34 -0500
  [1m[35m (0.2ms)[0m  [1m[34mSELECT "schema_migrations"."version" FROM "schema_migrations" ORDER BY "schema_migrations"."version" ASC[0m
Processing by ProductsController#index as HTML
  Rendering products/index.html.erb within layouts/application
  [1m[36mProduct Load (0.6ms)[0m  [1m[34mSELECT "products".* FROM "products"[0m
  Rendered products/index.html.erb within layouts/application (5.4ms)
Completed 200 OK in 1536ms (Views: 1517.3ms | ActiveRecord: 1.0ms)


Started GET "/" for 127.0.0.1 at 2017-08-24 10:20:56 -0500
  [1m[35m (0.3ms)[0m  [1m[34mSELECT "schema_migrations"."version" FROM "schema_migrations" ORDER BY "schema_migrations"."version" ASC[0m
Processing by ProductsController#index as HTML
  Rendering products/index.html.erb within layouts/application
  [1m[36mProduct Load (0.3ms)[0m  [1m[34mSELECT "products".* FROM "products"[0m
  Rendered products/index.html.erb within layouts/application (4.0ms)
Completed 200 OK in 10514ms (Views: 10500.0ms | ActiveRecord: 0.6ms)


  [1m[35m (0.1ms)[0m  [1m[36mbegin transaction[0m
  [1m[35mSQL (0.5ms)[0m  [1m[32mINSERT INTO "categories" ("name", "created_at", "updated_at") VALUES (?, ?, ?)[0m  [["name", "Perfumes"], ["created_at", "2017-08-24 15:22:10.140843"], ["updated_at", "2017-08-24 15:22:10.140843"]]
  [1m[35m (93.1ms)[0m  [1m[36mcommit transaction[0m
  [1m[35m (0.2ms)[0m  [1m[36mbegin transaction[0m
  [1m[35mSQL (0.7ms)[0m  [1m[32mINSERT INTO "categories" ("name", "created_at", "updated_at") VALUES (?, ?, ?)[0m  [["name", "Tecnologia"], ["created_at", "2017-08-24 15:22:22.252833"], ["updated_at", "2017-08-24 15:22:22.252833"]]
  [1m[35m (111.2ms)[0m  [1m[36mcommit transaction[0m
  [1m[35m (0.2ms)[0m  [1m[36mbegin transaction[0m
  [1m[35mSQL (2.6ms)[0m  [1m[32mINSERT INTO "categories" ("name", "created_at", "updated_at") VALUES (?, ?, ?)[0m  [["name", "Ropa"], ["created_at", "2017-08-24 15:22:27.714240"], ["updated_at", "2017-08-24 15:22:27.714240"]]
  [1m[35m (104.3ms)[0m  [1m[36mcommit transaction[0m
  [1m[35m (0.2ms)[0m  [1m[36mbegin transaction[0m
  [1m[35mSQL (0.8ms)[0m  [1m[32mINSERT INTO "categories" ("name", "created_at", "updated_at") VALUES (?, ?, ?)[0m  [["name", "Aseo"], ["created_at", "2017-08-24 15:22:32.233448"], ["updated_at", "2017-08-24 15:22:32.233448"]]
  [1m[35m (113.8ms)[0m  [1m[36mcommit transaction[0m
  [1m[35m (0.2ms)[0m  [1m[36mbegin transaction[0m
  [1m[35mSQL (0.8ms)[0m  [1m[32mINSERT INTO "categories" ("name", "created_at", "updated_at") VALUES (?, ?, ?)[0m  [["name", "Libros"], ["created_at", "2017-08-24 15:22:58.274302"], ["updated_at", "2017-08-24 15:22:58.274302"]]
  [1m[35m (70.3ms)[0m  [1m[36mcommit transaction[0m
  [1m[35m (0.2ms)[0m  [1m[36mbegin transaction[0m
  [1m[35mSQL (3.1ms)[0m  [1m[32mINSERT INTO "categories" ("name", "created_at", "updated_at") VALUES (?, ?, ?)[0m  [["name", "Electrodomesticos"], ["created_at", "2017-08-24 15:23:07.786295"], ["updated_at", "2017-08-24 15:23:07.786295"]]
  [1m[35m (90.0ms)[0m  [1m[36mcommit transaction[0m
  [1m[35m (0.1ms)[0m  [1m[36mbegin transaction[0m
  [1m[35mSQL (0.3ms)[0m  [1m[32mINSERT INTO "categories" ("name", "created_at", "updated_at") VALUES (?, ?, ?)[0m  [["name", "Juguetes"], ["created_at", "2017-08-24 15:23:43.532362"], ["updated_at", "2017-08-24 15:23:43.532362"]]
  [1m[35m (84.9ms)[0m  [1m[36mcommit transaction[0m
  [1m[35m (0.2ms)[0m  [1m[36mbegin transaction[0m
  [1m[35mSQL (1.7ms)[0m  [1m[32mINSERT INTO "categories" ("name", "created_at", "updated_at") VALUES (?, ?, ?)[0m  [["name", "Oficina"], ["created_at", "2017-08-24 15:23:52.319424"], ["updated_at", "2017-08-24 15:23:52.319424"]]
  [1m[35m (107.5ms)[0m  [1m[36mcommit transaction[0m
  [1m[35m (0.2ms)[0m  [1m[36mbegin transaction[0m
  [1m[35mSQL (3.1ms)[0m  [1m[32mINSERT INTO "categories" ("name", "created_at", "updated_at") VALUES (?, ?, ?)[0m  [["name", "Mascotas"], ["created_at", "2017-08-24 15:23:59.451760"], ["updated_at", "2017-08-24 15:23:59.451760"]]
  [1m[35m (85.1ms)[0m  [1m[36mcommit transaction[0m
Started GET "/" for 127.0.0.1 at 2017-08-24 10:25:37 -0500
Processing by ProductsController#index as HTML
  Rendering products/index.html.erb within layouts/application
  [1m[36mProduct Load (6.3ms)[0m  [1m[34mSELECT "products".* FROM "products"[0m
  Rendered products/index.html.erb within layouts/application (31.5ms)
Completed 200 OK in 333ms (Views: 303.1ms | ActiveRecord: 27.4ms)


Started GET "/products/new" for 127.0.0.1 at 2017-08-24 10:25:41 -0500
Processing by ProductsController#new as HTML
  Rendering products/new.html.erb within layouts/application
  Rendered products/new.html.erb within layouts/application (0.6ms)
Completed 200 OK in 76ms (Views: 73.9ms | ActiveRecord: 0.0ms)


Started GET "/" for 127.0.0.1 at 2017-08-24 10:26:13 -0500
Processing by ProductsController#index as HTML
  Rendering products/index.html.erb within layouts/application
  [1m[36mProduct Load (0.5ms)[0m  [1m[34mSELECT "products".* FROM "products"[0m
  Rendered products/index.html.erb within layouts/application (5.5ms)
Completed 200 OK in 114ms (Views: 111.8ms | ActiveRecord: 0.5ms)


Started GET "/products/new" for 127.0.0.1 at 2017-08-24 10:26:18 -0500
Processing by ProductsController#new as HTML
  Rendering products/new.html.erb within layouts/application
  [1m[36mProduct Load (0.9ms)[0m  [1m[34mSELECT  "products".* FROM "products" LIMIT ?[0m  [["LIMIT", 11]]
  [1m[36mCACHE Product Load (0.0ms)[0m  [1m[34mSELECT  "products".* FROM "products" LIMIT ?[0m  [["LIMIT", 11]]
  [1m[36mCACHE Product Load (0.0ms)[0m  [1m[34mSELECT  "products".* FROM "products" LIMIT ?[0m  [["LIMIT", 11]]
  [1m[36mCACHE Product Load (0.0ms)[0m  [1m[34mSELECT  "products".* FROM "products" LIMIT ?[0m  [["LIMIT", 11]]
  [1m[36mCACHE Product Load (0.0ms)[0m  [1m[34mSELECT  "products".* FROM "products" LIMIT ?[0m  [["LIMIT", 11]]
  [1m[36mCACHE Product Load (0.0ms)[0m  [1m[34mSELECT  "products".* FROM "products" LIMIT ?[0m  [["LIMIT", 11]]
  [1m[36mCACHE Product Load (0.0ms)[0m  [1m[34mSELECT  "products".* FROM "products" LIMIT ?[0m  [["LIMIT", 11]]
  [1m[36mCACHE Product Load (0.0ms)[0m  [1m[34mSELECT  "products".* FROM "products" LIMIT ?[0m  [["LIMIT", 11]]
  Rendered products/_form.html.erb (476.8ms)
  Rendered products/new.html.erb within layouts/application (506.2ms)
Completed 500 Internal Server Error in 512ms (ActiveRecord: 1.0ms)


  
ActionView::Template::Error (undefined local variable or method `form_title' for #<#<Class:0x0055d5e3631c30>:0x007f0b1e75cdc8>
Did you mean?  form_tag_html
               form_tag
               form_with):
    1: <div class="container">
    2:   <div class="row">
    3:     <div class="col-sm-6 col-sm-offset-3">
    4:       <h2><%= form_title %></h2>
    5:       <%= form_for @product do |f| %>
    6:       <div class="form-group">
    7:         <%= f.text_field :name, class: "form-control input-lg" , placeholder: "Producto" %>
  
app/views/products/_form.html.erb:4:in `_app_views_products__form_html_erb___415073102588492075_69842866262400'
app/views/products/new.html.erb:1:in `_app_views_products_new_html_erb___1150586062556689365_69842866203680'
Started GET "/products/new" for 127.0.0.1 at 2017-08-24 10:26:44 -0500
Processing by ProductsController#new as HTML
  Rendering products/new.html.erb within layouts/application
  Rendered products/_form.html.erb (4.4ms)
  Rendered products/new.html.erb within layouts/application (7.8ms)
Completed 500 Internal Server Error in 12ms (ActiveRecord: 0.0ms)


  
ActionView::Template::Error (First argument in form cannot contain nil or be empty):
    1: <div class="container">
    2:   <div class="row">
    3:     <div class="col-sm-6 col-sm-offset-3">
    4:       <%= form_for @product do |f| %>
    5:       <div class="form-group">
    6:         <%= f.text_field :name, class: "form-control input-lg" , placeholder: "Producto" %>
    7:       </div>
  
app/views/products/_form.html.erb:4:in `_app_views_products__form_html_erb___415073102588492075_47188556043680'
app/views/products/new.html.erb:1:in `_app_views_products_new_html_erb___1150586062556689365_47188556434820'
Started GET "/products/new" for 127.0.0.1 at 2017-08-24 10:26:57 -0500
Processing by ProductsController#new as HTML
  Rendering products/new.html.erb within layouts/application
  [1m[36mProduct Load (0.2ms)[0m  [1m[34mSELECT  "products".* FROM "products" LIMIT ?[0m  [["LIMIT", 11]]
  Rendered products/_form.html.erb (13.5ms)
  Rendered products/new.html.erb within layouts/application (18.4ms)
Completed 500 Internal Server Error in 25ms (ActiveRecord: 0.2ms)


  
ActionView::Template::Error (undefined method `to_key' for #<ActiveRecord::Relation []>
Did you mean?  to_query
               to_set
               to_ary):
    1: <div class="container">
    2:   <div class="row">
    3:     <div class="col-sm-6 col-sm-offset-3">
    4:       <%= form_for @producto do |f| %>
    5:       <div class="form-group">
    6:         <%= f.text_field :name, class: "form-control input-lg" , placeholder: "Producto" %>
    7:       </div>
  
app/views/products/_form.html.erb:4:in `_app_views_products__form_html_erb___415073102588492075_69842869951620'
app/views/products/new.html.erb:1:in `_app_views_products_new_html_erb___1150586062556689365_69842549423500'
Started GET "/products/new" for 127.0.0.1 at 2017-08-24 10:28:52 -0500
Processing by ProductsController#new as HTML
  Rendering products/new.html.erb within layouts/application
  [1m[36mProduct Load (0.2ms)[0m  [1m[34mSELECT  "products".* FROM "products" LIMIT ?[0m  [["LIMIT", 11]]
  Rendered products/_form.html.erb (10.6ms)
  Rendered products/new.html.erb within layouts/application (12.6ms)
Completed 500 Internal Server Error in 17ms (ActiveRecord: 0.2ms)


  
ActionView::Template::Error (undefined method `to_key' for #<ActiveRecord::Relation []>
Did you mean?  to_query
               to_set
               to_ary):
    1: <div class="container">
    2:   <div class="row">
    3:     <div class="col-sm-6 col-sm-offset-3">
    4:       <%= form_for @producto do |f| %>
    5:       <div class="form-group">
    6:         <%= f.text_field :name, class: "form-control input-lg" , placeholder: "Producto" %>
    7:       </div>
  
app/views/products/_form.html.erb:4:in `_app_views_products__form_html_erb___415073102588492075_69842874229280'
app/views/products/new.html.erb:1:in `_app_views_products_new_html_erb___1150586062556689365_69842874218020'
Started GET "/products/new" for 127.0.0.1 at 2017-08-24 10:30:28 -0500
  
SyntaxError (/home/mario/Documentos/copiasegurity/rails/reto12/productos/app/controllers/products_controller.rb:40: syntax error, unexpected ')'):
  
app/controllers/products_controller.rb:40: syntax error, unexpected ')'
Started GET "/" for 127.0.0.1 at 2017-08-24 10:30:35 -0500
  
SyntaxError (/home/mario/Documentos/copiasegurity/rails/reto12/productos/app/controllers/products_controller.rb:40: syntax error, unexpected ')'):
  
app/controllers/products_controller.rb:40: syntax error, unexpected ')'
Started GET "/" for 127.0.0.1 at 2017-08-24 10:30:36 -0500
  
SyntaxError (/home/mario/Documentos/copiasegurity/rails/reto12/productos/app/controllers/products_controller.rb:40: syntax error, unexpected ')'):
  
app/controllers/products_controller.rb:40: syntax error, unexpected ')'
Started GET "/" for 127.0.0.1 at 2017-08-24 10:30:37 -0500
  
SyntaxError (/home/mario/Documentos/copiasegurity/rails/reto12/productos/app/controllers/products_controller.rb:40: syntax error, unexpected ')'):
  
app/controllers/products_controller.rb:40: syntax error, unexpected ')'
Started GET "/" for 127.0.0.1 at 2017-08-24 10:31:10 -0500
  [1m[35m (0.2ms)[0m  [1m[34mSELECT "schema_migrations"."version" FROM "schema_migrations" ORDER BY "schema_migrations"."version" ASC[0m
  
SyntaxError (/home/mario/Documentos/copiasegurity/rails/reto12/productos/app/controllers/products_controller.rb:40: syntax error, unexpected ')'):
  
app/controllers/products_controller.rb:40: syntax error, unexpected ')'
Started GET "/" for 127.0.0.1 at 2017-08-24 10:31:13 -0500
  
SyntaxError (/home/mario/Documentos/copiasegurity/rails/reto12/productos/app/controllers/products_controller.rb:40: syntax error, unexpected ')'):
  
app/controllers/products_controller.rb:40: syntax error, unexpected ')'
Started GET "/" for 127.0.0.1 at 2017-08-24 10:31:20 -0500
  
SyntaxError (/home/mario/Documentos/copiasegurity/rails/reto12/productos/app/controllers/products_controller.rb:40: syntax error, unexpected ')'):
  
app/controllers/products_controller.rb:40: syntax error, unexpected ')'
Started GET "/products/new" for 127.0.0.1 at 2017-08-24 10:31:22 -0500
  
SyntaxError (/home/mario/Documentos/copiasegurity/rails/reto12/productos/app/controllers/products_controller.rb:40: syntax error, unexpected ')'):
  
app/controllers/products_controller.rb:40: syntax error, unexpected ')'
Started GET "/products/new" for 127.0.0.1 at 2017-08-24 10:31:32 -0500
Processing by ProductsController#new as HTML
  Rendering products/new.html.erb within layouts/application
  [1m[36mProduct Load (0.2ms)[0m  [1m[34mSELECT  "products".* FROM "products" LIMIT ?[0m  [["LIMIT", 11]]
  Rendered products/_form.html.erb (25.8ms)
  Rendered products/new.html.erb within layouts/application (30.4ms)
Completed 500 Internal Server Error in 69ms (ActiveRecord: 1.0ms)


  
ActionView::Template::Error (undefined method `to_key' for #<ActiveRecord::Relation []>
Did you mean?  to_query
               to_set
               to_ary):
    1: <div class="container">
    2:   <div class="row">
    3:     <div class="col-sm-6 col-sm-offset-3">
    4:       <%= form_for @producto do |f| %>
    5:       <div class="form-group">
    6:         <%= f.text_field :name, class: "form-control input-lg" , placeholder: "Producto" %>
    7:       </div>
  
app/views/products/_form.html.erb:4:in `_app_views_products__form_html_erb___1354955181743731904_47156781936040'
app/views/products/new.html.erb:1:in `_app_views_products_new_html_erb___2519324358951312528_47156787343040'
Started GET "/" for 127.0.0.1 at 2017-08-24 10:31:38 -0500
Processing by ProductsController#index as HTML
  Rendering products/index.html.erb within layouts/application
  [1m[36mProduct Load (0.2ms)[0m  [1m[34mSELECT "products".* FROM "products"[0m
  Rendered products/index.html.erb within layouts/application (2.0ms)
Completed 200 OK in 731ms (Views: 728.6ms | ActiveRecord: 0.2ms)


Started GET "/products/new" for 127.0.0.1 at 2017-08-24 10:31:41 -0500
Processing by ProductsController#new as HTML
  Rendering products/new.html.erb within layouts/application
  [1m[36mProduct Load (0.3ms)[0m  [1m[34mSELECT  "products".* FROM "products" LIMIT ?[0m  [["LIMIT", 11]]
  Rendered products/_form.html.erb (12.6ms)
  Rendered products/new.html.erb within layouts/application (14.4ms)
Completed 500 Internal Server Error in 20ms (ActiveRecord: 0.3ms)


  
ActionView::Template::Error (undefined method `to_key' for #<ActiveRecord::Relation []>
Did you mean?  to_query
               to_set
               to_ary):
    1: <div class="container">
    2:   <div class="row">
    3:     <div class="col-sm-6 col-sm-offset-3">
    4:       <%= form_for @producto do |f| %>
    5:       <div class="form-group">
    6:         <%= f.text_field :name, class: "form-control input-lg" , placeholder: "Producto" %>
    7:       </div>
  
app/views/products/_form.html.erb:4:in `_app_views_products__form_html_erb___1354955181743731904_70225642023720'
app/views/products/new.html.erb:1:in `_app_views_products_new_html_erb___2519324358951312528_70225642310860'
Started GET "/products/new" for 127.0.0.1 at 2017-08-24 10:33:27 -0500
Processing by ProductsController#new as HTML
  Rendering products/new.html.erb within layouts/application
  [1m[36mProduct Load (0.1ms)[0m  [1m[34mSELECT  "products".* FROM "products" LIMIT ?[0m  [["LIMIT", 11]]
  Rendered products/_form.html.erb (10.4ms)
  Rendered products/new.html.erb within layouts/application (12.6ms)
Completed 500 Internal Server Error in 63ms (ActiveRecord: 0.8ms)


  
ActionView::Template::Error (undefined method `to_key' for #<ActiveRecord::Relation []>
Did you mean?  to_query
               to_set
               to_ary):
    1: <div class="container">
    2:   <div class="row">
    3:     <div class="col-sm-6 col-sm-offset-3">
    4:       <%= form_for @producto do |f| %>
    5:       <div class="form-group">
    6:         <%= f.text_field :name, class: "form-control input-lg" , placeholder: "Producto" %>
    7:       </div>
  
app/views/products/_form.html.erb:4:in `_app_views_products__form_html_erb___1354955181743731904_70225648113720'
app/views/products/new.html.erb:1:in `_app_views_products_new_html_erb___2519324358951312528_70225704574620'
Started GET "/" for 127.0.0.1 at 2017-08-24 10:33:32 -0500
Processing by ProductsController#index as HTML
  Rendering products/index.html.erb within layouts/application
  [1m[36mProduct Load (0.3ms)[0m  [1m[34mSELECT "products".* FROM "products"[0m
  Rendered products/index.html.erb within layouts/application (3.1ms)
Completed 200 OK in 90ms (Views: 85.8ms | ActiveRecord: 0.3ms)


Started GET "/" for 127.0.0.1 at 2017-08-24 10:33:33 -0500
Processing by ProductsController#index as HTML
  Rendering products/index.html.erb within layouts/application
  [1m[36mProduct Load (0.2ms)[0m  [1m[34mSELECT "products".* FROM "products"[0m
  Rendered products/index.html.erb within layouts/application (2.7ms)
Completed 200 OK in 85ms (Views: 83.3ms | ActiveRecord: 0.2ms)


Started GET "/products/new" for 127.0.0.1 at 2017-08-24 10:33:35 -0500
Processing by ProductsController#new as HTML
  Rendering products/new.html.erb within layouts/application
  [1m[36mProduct Load (0.2ms)[0m  [1m[34mSELECT  "products".* FROM "products" LIMIT ?[0m  [["LIMIT", 11]]
  Rendered products/_form.html.erb (11.0ms)
  Rendered products/new.html.erb within layouts/application (12.6ms)
Completed 500 Internal Server Error in 16ms (ActiveRecord: 0.2ms)


  
ActionView::Template::Error (undefined method `to_key' for #<ActiveRecord::Relation []>
Did you mean?  to_query
               to_set
               to_ary):
    1: <div class="container">
    2:   <div class="row">
    3:     <div class="col-sm-6 col-sm-offset-3">
    4:       <%= form_for @producto do |f| %>
    5:       <div class="form-group">
    6:         <%= f.text_field :name, class: "form-control input-lg" , placeholder: "Producto" %>
    7:       </div>
  
app/views/products/_form.html.erb:4:in `_app_views_products__form_html_erb___1354955181743731904_70225650686800'
app/views/products/new.html.erb:1:in `_app_views_products_new_html_erb___2519324358951312528_70225650752580'
Started GET "/products" for 127.0.0.1 at 2017-08-24 10:45:50 -0500
  [1m[35m (0.2ms)[0m  [1m[34mSELECT "schema_migrations"."version" FROM "schema_migrations" ORDER BY "schema_migrations"."version" ASC[0m
Processing by ProductsController#index as HTML
  Rendering products/index.html.erb within layouts/application
  [1m[36mProduct Load (0.2ms)[0m  [1m[34mSELECT "products".* FROM "products"[0m
  Rendered products/index.html.erb within layouts/application (4.3ms)
Completed 200 OK in 512ms (Views: 485.5ms | ActiveRecord: 0.5ms)


Started GET "/products/new" for 127.0.0.1 at 2017-08-24 10:45:53 -0500
Processing by ProductsController#new as HTML
  Rendering products/new.html.erb within layouts/application
  [1m[36mProduct Load (0.3ms)[0m  [1m[34mSELECT  "products".* FROM "products" LIMIT ?[0m  [["LIMIT", 11]]
  Rendered products/_form.html.erb (22.8ms)
  Rendered products/new.html.erb within layouts/application (24.6ms)
Completed 500 Internal Server Error in 31ms (ActiveRecord: 0.7ms)


  
ActionView::Template::Error (undefined method `to_key' for #<ActiveRecord::Relation []>
Did you mean?  to_query
               to_set
               to_ary):
    1: <div class="container">
    2:   <div class="row">
    3:     <div class="col-sm-6 col-sm-offset-3">
    4:       <%= form_for @producto do |f| %>
    5:       <div class="form-group">
    6:         <%= f.text_field :name, class: "form-control input-lg" , placeholder: "Producto" %>
    7:       </div>
  
app/views/products/_form.html.erb:4:in `_app_views_products__form_html_erb___743320161664909653_70056261122460'
app/views/products/new.html.erb:1:in `_app_views_products_new_html_erb__1586316948917436037_70056261049740'
Started GET "/products/new" for 127.0.0.1 at 2017-08-24 10:47:56 -0500
Processing by ProductsController#new as HTML
  Rendering products/new.html.erb within layouts/application
  [1m[36mProduct Load (0.2ms)[0m  [1m[34mSELECT  "products".* FROM "products" LIMIT ?[0m  [["LIMIT", 11]]
  Rendered products/_form.html.erb (13.4ms)
  Rendered products/new.html.erb within layouts/application (15.6ms)
Completed 500 Internal Server Error in 43ms (ActiveRecord: 1.0ms)


  
ActionView::Template::Error (undefined method `to_key' for #<ActiveRecord::Relation []>
Did you mean?  to_query
               to_set
               to_ary):
    1: <div class="container">
    2:   <div class="row">
    3:     <div class="col-sm-6 col-sm-offset-3">
    4:       <%= form_for @producto do |f| %>
    5:       <div class="form-group">
    6:         <%= f.text_field :name, class: "form-control input-lg" , placeholder: "Producto" %>
    7:       </div>
  
app/views/products/_form.html.erb:4:in `_app_views_products__form_html_erb___743320161664909653_70056269024540'
app/views/products/new.html.erb:1:in `_app_views_products_new_html_erb__1586316948917436037_70056269223700'
Started GET "/products/new" for 127.0.0.1 at 2017-08-24 10:49:26 -0500
Processing by ProductsController#new as HTML
  Rendering products/new.html.erb within layouts/application
  [1m[36mProduct Load (0.2ms)[0m  [1m[34mSELECT  "products".* FROM "products" LIMIT ?[0m  [["LIMIT", 11]]
  Rendered products/_form.html.erb (14.7ms)
  Rendered products/new.html.erb within layouts/application (16.2ms)
Completed 500 Internal Server Error in 28ms (ActiveRecord: 1.6ms)


  
ActionView::Template::Error (undefined method `to_key' for #<ActiveRecord::Relation []>
Did you mean?  to_query
               to_set
               to_ary):
    1: <div class="container">
    2:   <div class="row">
    3:     <div class="col-sm-6 col-sm-offset-3">
    4:       <%= form_for @producto do |f| %>
    5:       <div class="form-group">
    6:         <%= f.text_field :name, class: "form-control input-lg" , placeholder: "Producto" %>
    7:       </div>
  
app/views/products/_form.html.erb:4:in `_app_views_products__form_html_erb___743320161664909653_70056265656940'
app/views/products/new.html.erb:1:in `_app_views_products_new_html_erb__1586316948917436037_70056265854000'
Started GET "/products/new" for 127.0.0.1 at 2017-08-24 10:50:51 -0500
Processing by ProductsController#new as HTML
  Rendering products/new.html.erb within layouts/application
  [1m[36mProduct Load (0.2ms)[0m  [1m[34mSELECT  "products".* FROM "products" LIMIT ?[0m  [["LIMIT", 11]]
  Rendered products/_form.html.erb (11.3ms)
  Rendered products/new.html.erb within layouts/application (12.7ms)
Completed 500 Internal Server Error in 24ms (ActiveRecord: 0.9ms)


  
ActionView::Template::Error (undefined method `to_key' for #<ActiveRecord::Relation []>
Did you mean?  to_query
               to_set
               to_ary):
    1: <div class="container">
    2:   <div class="row">
    3:     <div class="col-sm-6 col-sm-offset-3">
    4:       <%= form_for @producto do |f| %>
    5:       <div class="form-group">
    6:         <%= f.text_field :name, class: "form-control input-lg" , placeholder: "Producto" %>
    7:       </div>
  
app/views/products/_form.html.erb:4:in `_app_views_products__form_html_erb___743320161664909653_70056153893400'
app/views/products/new.html.erb:1:in `_app_views_products_new_html_erb__1586316948917436037_70056153963220'
Started GET "/products/new" for 127.0.0.1 at 2017-08-24 10:58:02 -0500
Processing by ProductsController#new as HTML
  Rendering products/new.html.erb within layouts/application
  [1m[36mCategory Load (0.3ms)[0m  [1m[34mSELECT "categories".* FROM "categories"[0m
  Rendered products/_form.html.erb (186.3ms)
  Rendered products/new.html.erb within layouts/application (188.7ms)
Completed 200 OK in 541ms (Views: 502.5ms | ActiveRecord: 3.6ms)


Started GET "/products" for 127.0.0.1 at 2017-08-24 11:00:14 -0500
Processing by ProductsController#index as HTML
  Rendering products/index.html.erb within layouts/application
  [1m[36mProduct Load (0.3ms)[0m  [1m[34mSELECT "products".* FROM "products"[0m
  Rendered products/index.html.erb within layouts/application (2.6ms)
Completed 200 OK in 140ms (Views: 78.9ms | ActiveRecord: 0.3ms)


Started GET "/products/new" for 127.0.0.1 at 2017-08-24 11:00:16 -0500
Processing by ProductsController#new as HTML
  Rendering products/new.html.erb within layouts/application
  [1m[36mCategory Load (0.3ms)[0m  [1m[34mSELECT "categories".* FROM "categories"[0m
  Rendered products/_form.html.erb (5.2ms)
  Rendered products/new.html.erb within layouts/application (6.7ms)
Completed 200 OK in 86ms (Views: 83.4ms | ActiveRecord: 0.3ms)


Started POST "/products" for 127.0.0.1 at 2017-08-24 11:00:45 -0500
Processing by ProductsController#create as HTML
  Parameters: {"utf8"=>"✓", "authenticity_token"=>"L3PdPIePLJwYCwSRRrdSxd1Rxp9OF8wqQ/QLGnG2kxQFMVDOVku5BJidTV3x/wVkgs7dI66jqav2dsloAx/GHA==", "product"=>{"name"=>"televisor", "price"=>"200000000", "category_ids"=>"2"}, "commit"=>"producto"}
Unpermitted parameter: :category_ids
  [1m[35m (0.2ms)[0m  [1m[36mbegin transaction[0m
  [1m[35mSQL (46.0ms)[0m  [1m[32mINSERT INTO "products" ("name", "price", "created_at", "updated_at") VALUES (?, ?, ?, ?)[0m  [["name", "televisor"], ["price", 200000000.0], ["created_at", "2017-08-24 16:00:45.442372"], ["updated_at", "2017-08-24 16:00:45.442372"]]
  [1m[35m (95.4ms)[0m  [1m[36mcommit transaction[0m
Redirected to http://localhost:3000/products
Completed 302 Found in 212ms (ActiveRecord: 141.6ms)


Started GET "/products" for 127.0.0.1 at 2017-08-24 11:00:45 -0500
Processing by ProductsController#index as HTML
  Rendering products/index.html.erb within layouts/application
  [1m[36mProduct Load (0.3ms)[0m  [1m[34mSELECT "products".* FROM "products"[0m
  [1m[35m (7.9ms)[0m  [1m[34mSELECT "categories"."name" FROM "categories" INNER JOIN "categories_products" ON "categories"."id" = "categories_products"."category_id" WHERE "categories_products"."product_id" = ?[0m  [["product_id", 1]]
  Rendered products/index.html.erb within layouts/application (447.9ms)
Completed 500 Internal Server Error in 452ms (ActiveRecord: 8.8ms)


  
ActionView::Template::Error (undefined local variable or method `product' for #<#<Class:0x007f6e70401a60>:0x007f6e708b90d0>
Did you mean?  product_url
               @producto):
    22:             <td><%= pr.name %></td>
    23:             <td><%= pr.price%></td>
    24:             <td><%= pr.categories.pluck(:name).join(",") %></td>
    25:             <td><%= link_to "<span class='glyphicon glyphicon-trash'><span>".html_safe, product, method: :delete, data: { confirm: '¿Estás seguro?' } %></td>
    26:             <td><%= link_to "<span class='glyphicon glyphicon-pencil'><span>".html_safe,  edit_product_path(product), class: "edit-room-btn" %></td>
    27:           </tr>
    28:           <% end %>
  
app/views/products/index.html.erb:25:in `block in _app_views_products_index_html_erb__89612966681991083_70056155664000'
app/views/products/index.html.erb:20:in `_app_views_products_index_html_erb__89612966681991083_70056155664000'
Started GET "/products" for 127.0.0.1 at 2017-08-24 11:01:46 -0500
Processing by ProductsController#index as HTML
  Rendering products/index.html.erb within layouts/application
  [1m[36mProduct Load (0.2ms)[0m  [1m[34mSELECT "products".* FROM "products"[0m
  [1m[35m (0.2ms)[0m  [1m[34mSELECT "categories"."name" FROM "categories" INNER JOIN "categories_products" ON "categories"."id" = "categories_products"."category_id" WHERE "categories_products"."product_id" = ?[0m  [["product_id", 1]]
  Rendered products/index.html.erb within layouts/application (17.0ms)
Completed 500 Internal Server Error in 26ms (ActiveRecord: 0.4ms)


  
ActionView::Template::Error (undefined method `to_model' for #<Product::ActiveRecord_Relation:0x007f6e70900b60>
Did you mean?  to_xml):
    22:             <td><%= pr.name %></td>
    23:             <td><%= pr.price%></td>
    24:             <td><%= pr.categories.pluck(:name).join(",") %></td>
    25:             <td><%= link_to "<span class='glyphicon glyphicon-trash'><span>".html_safe, @producto, method: :delete, data: { confirm: '¿Estás seguro?' } %></td>
    26:             <td><%= link_to "<span class='glyphicon glyphicon-pencil'><span>".html_safe,  edit_product_path(product), class: "edit-room-btn" %></td>
    27:           </tr>
    28:           <% end %>
  
app/views/products/index.html.erb:25:in `block in _app_views_products_index_html_erb__89612966681991083_70056155708500'
app/views/products/index.html.erb:20:in `_app_views_products_index_html_erb__89612966681991083_70056155708500'
Started GET "/products" for 127.0.0.1 at 2017-08-24 11:06:34 -0500
Processing by ProductsController#index as HTML
  Rendering products/index.html.erb within layouts/application
  [1m[36mProduct Load (0.5ms)[0m  [1m[34mSELECT "products".* FROM "products"[0m
  [1m[35m (0.2ms)[0m  [1m[34mSELECT "categories"."name" FROM "categories" INNER JOIN "categories_products" ON "categories"."id" = "categories_products"."category_id" WHERE "categories_products"."product_id" = ?[0m  [["product_id", 1]]
  Rendered products/index.html.erb within layouts/application (913.4ms)
Completed 500 Internal Server Error in 1056ms (ActiveRecord: 52.8ms)


  
ActionView::Template::Error (undefined local variable or method `product' for #<#<Class:0x007f6e7cf72de8>:0x007f6e7d01e210>
Did you mean?  product_url
               @producto):
    22:             <td><%= pr.name %></td>
    23:             <td><%= pr.price%></td>
    24:             <td><%= pr.categories.pluck(:name).join(",") %></td>
    25:             <td><%= link_to "<span class='glyphicon glyphicon-trash'><span>".html_safe, product, method: :delete, data: { confirm: '¿Seguro?' } %></td>
    26:             <td><%= link_to "<span class='glyphicon glyphicon-pencil'><span>".html_safe,  edit_product_path(product), class: "edit-room-btn" %></td>
    27:           </tr>
    28:           <% end %>
  
app/views/products/index.html.erb:25:in `block in _app_views_products_index_html_erb__89612966681991083_70056259920500'
app/views/products/index.html.erb:20:in `_app_views_products_index_html_erb__89612966681991083_70056259920500'
Started GET "/products" for 127.0.0.1 at 2017-08-24 11:06:55 -0500
Processing by ProductsController#index as HTML
  Rendering products/index.html.erb within layouts/application
  [1m[36mProduct Load (0.4ms)[0m  [1m[34mSELECT "products".* FROM "products"[0m
  [1m[35m (0.2ms)[0m  [1m[34mSELECT "categories"."name" FROM "categories" INNER JOIN "categories_products" ON "categories"."id" = "categories_products"."category_id" WHERE "categories_products"."product_id" = ?[0m  [["product_id", 1]]
  Rendered products/index.html.erb within layouts/application (315.8ms)
Completed 500 Internal Server Error in 322ms (ActiveRecord: 0.6ms)


  
ActionView::Template::Error (undefined local variable or method `product' for #<#<Class:0x007f6e7cf72de8>:0x007f6e7d6609e8>
Did you mean?  product_url
               @producto):
    22:             <td><%= pr.name %></td>
    23:             <td><%= pr.price%></td>
    24:             <td><%= pr.categories.pluck(:name).join(",") %></td>
    25:             <td><%= link_to "<span class='glyphicon glyphicon-trash'><span>".html_safe, product, method: :delete, data: { confirm: '¿Seguro?' } %></td>
    26:             <td><%= link_to "<span class='glyphicon glyphicon-pencil'><span>".html_safe,  edit_product_path(product), class: "edit-room-btn" %></td>
    27:           </tr>
    28:           <% end %>
  
app/views/products/index.html.erb:25:in `block in _app_views_products_index_html_erb__89612966681991083_70056263490180'
app/views/products/index.html.erb:20:in `_app_views_products_index_html_erb__89612966681991083_70056263490180'
Started GET "/products" for 127.0.0.1 at 2017-08-24 11:08:57 -0500
Processing by ProductsController#index as HTML
  Rendering products/index.html.erb within layouts/application
  [1m[36mProduct Load (0.1ms)[0m  [1m[34mSELECT "products".* FROM "products"[0m
  [1m[35m (0.2ms)[0m  [1m[34mSELECT "categories"."name" FROM "categories" INNER JOIN "categories_products" ON "categories"."id" = "categories_products"."category_id" WHERE "categories_products"."product_id" = ?[0m  [["product_id", 1]]
  Rendered products/index.html.erb within layouts/application (37.2ms)
Completed 500 Internal Server Error in 258ms (ActiveRecord: 2.7ms)


  
ActionView::Template::Error (undefined method `to_model' for #<Product::ActiveRecord_Relation:0x007f6e703fa850>
Did you mean?  to_xml):
    22:             <td><%= pr.name %></td>
    23:             <td><%= pr.price%></td>
    24:             <td><%= pr.categories.pluck(:name).join(",") %></td>
    25:             <td><%= link_to "<span class='glyphicon glyphicon-trash'><span>".html_safe, @producto, method: :delete, data: { confirm: '¿Seguro?' } %></td>
    26:             <td><%= link_to "<span class='glyphicon glyphicon-pencil'><span>".html_safe,  edit_product_path(product), class: "edit-room-btn" %></td>
    27:           </tr>
    28:           <% end %>
  
app/views/products/index.html.erb:25:in `block in _app_views_products_index_html_erb__89612966681991083_70056153172040'
app/views/products/index.html.erb:20:in `_app_views_products_index_html_erb__89612966681991083_70056153172040'
Started GET "/" for 127.0.0.1 at 2017-08-24 11:15:30 -0500
Processing by ProductsController#index as HTML
  Rendering products/index.html.erb within layouts/application
  [1m[36mProduct Load (0.3ms)[0m  [1m[34mSELECT "products".* FROM "products"[0m
  [1m[35m (0.3ms)[0m  [1m[34mSELECT "categories"."name" FROM "categories" INNER JOIN "categories_products" ON "categories"."id" = "categories_products"."category_id" WHERE "categories_products"."product_id" = ?[0m  [["product_id", 1]]
  Rendered products/index.html.erb within layouts/application (12.8ms)
Completed 500 Internal Server Error in 18ms (ActiveRecord: 0.5ms)


  
ActionView::Template::Error (undefined method `to_model' for #<Product::ActiveRecord_Relation:0x005557bee2c640>
Did you mean?  to_xml):
    22:             <td><%= pr.name %></td>
    23:             <td><%= pr.price%></td>
    24:             <td><%= pr.categories.pluck(:name).join(",") %></td>
    25:             <td><%= link_to "<span class='glyphicon glyphicon-trash'><span>".html_safe, @producto, method: :delete, data: { confirm: '¿Seguro?' } %></td>
    26:             <td><%= link_to "<span class='glyphicon glyphicon-pencil'><span>".html_safe,  edit_product_path(product), class: "edit-room-btn" %></td>
    27:           </tr>
    28:           <% end %>
  
app/views/products/index.html.erb:25:in `block in _app_views_products_index_html_erb__89612966681991083_46917676446900'
app/views/products/index.html.erb:20:in `_app_views_products_index_html_erb__89612966681991083_46917676446900'
Started PUT "/__web_console/repl_sessions/ed367ae6f16c394c33a673345c86d9ae" for 127.0.0.1 at 2017-08-24 11:19:37 -0500
Started PUT "/__web_console/repl_sessions/ed367ae6f16c394c33a673345c86d9ae" for 127.0.0.1 at 2017-08-24 11:19:41 -0500
Started PUT "/__web_console/repl_sessions/ed367ae6f16c394c33a673345c86d9ae" for 127.0.0.1 at 2017-08-24 11:19:42 -0500
Started PUT "/__web_console/repl_sessions/ed367ae6f16c394c33a673345c86d9ae" for 127.0.0.1 at 2017-08-24 11:19:56 -0500
Started GET "/" for 127.0.0.1 at 2017-08-24 11:21:51 -0500
Processing by ProductsController#index as HTML
  Rendering products/index.html.erb within layouts/application
  [1m[36mProduct Load (0.1ms)[0m  [1m[34mSELECT "products".* FROM "products"[0m
  [1m[35m (0.4ms)[0m  [1m[34mSELECT "categories"."name" FROM "categories" INNER JOIN "categories_products" ON "categories"."id" = "categories_products"."category_id" WHERE "categories_products"."product_id" = ?[0m  [["product_id", 1]]
  Rendered products/index.html.erb within layouts/application (382.4ms)
Completed 500 Internal Server Error in 407ms (ActiveRecord: 2.9ms)


  
ActionView::Template::Error (undefined local variable or method `product' for #<#<Class:0x007f6e7d633c90>:0x007f6e7d612720>
Did you mean?  producto
               product_url
               products_url
               product_path
               products_path
               @productos):
    23:             <td><%= producto.price%></td>
    24:             <td><%= producto.categories.pluck(:name).join(",") %></td>
    25:             <td><%= link_to "<span class='glyphicon glyphicon-trash'><span>".html_safe, producto, method: :delete, data: { confirm: '¿Seguro?' } %></td>
    26:             <td><%= link_to "<span class='glyphicon glyphicon-pencil'><span>".html_safe,  edit_product_path(product), class: "edit-room-btn" %></td>
    27:           </tr>
    28:           <% end %>
    29:         </tbody>
  
app/views/products/index.html.erb:26:in `block in _app_views_products_index_html_erb__89612966681991083_70056263001280'
app/views/products/index.html.erb:20:in `_app_views_products_index_html_erb__89612966681991083_70056263001280'
Started GET "/" for 127.0.0.1 at 2017-08-24 11:22:36 -0500
Processing by ProductsController#index as HTML
  Rendering products/index.html.erb within layouts/application
  [1m[36mProduct Load (0.3ms)[0m  [1m[34mSELECT "products".* FROM "products"[0m
  [1m[35m (0.2ms)[0m  [1m[34mSELECT "categories"."name" FROM "categories" INNER JOIN "categories_products" ON "categories"."id" = "categories_products"."category_id" WHERE "categories_products"."product_id" = ?[0m  [["product_id", 1]]
  Rendered products/index.html.erb within layouts/application (6.0ms)
Completed 200 OK in 340ms (Views: 337.3ms | ActiveRecord: 0.6ms)


Started GET "/products/new" for 127.0.0.1 at 2017-08-24 11:22:43 -0500
Processing by ProductsController#new as HTML
  Rendering products/new.html.erb within layouts/application
  [1m[36mCategory Load (0.2ms)[0m  [1m[34mSELECT "categories".* FROM "categories"[0m
  Rendered products/_form.html.erb (7.7ms)
  Rendered products/new.html.erb within layouts/application (19.5ms)
Completed 200 OK in 87ms (Views: 74.1ms | ActiveRecord: 0.2ms)


Started GET "/" for 127.0.0.1 at 2017-08-24 11:25:41 -0500
Processing by ProductsController#index as HTML
  Rendering products/index.html.erb within layouts/application
  [1m[36mProduct Load (0.2ms)[0m  [1m[34mSELECT "products".* FROM "products"[0m
  [1m[35m (0.6ms)[0m  [1m[34mSELECT "categories"."name" FROM "categories" INNER JOIN "categories_products" ON "categories"."id" = "categories_products"."category_id" WHERE "categories_products"."product_id" = ?[0m  [["product_id", 1]]
  Rendered products/index.html.erb within layouts/application (4.8ms)
Completed 200 OK in 75ms (Views: 71.6ms | ActiveRecord: 0.9ms)


Started GET "/products/new" for 127.0.0.1 at 2017-08-24 11:25:42 -0500
Processing by ProductsController#new as HTML
  Rendering products/new.html.erb within layouts/application
  [1m[36mCategory Load (0.2ms)[0m  [1m[34mSELECT "categories".* FROM "categories"[0m
  Rendered products/new.html.erb within layouts/application (3.9ms)
Completed 200 OK in 68ms (Views: 66.1ms | ActiveRecord: 0.2ms)


Started GET "/products/1/edit" for 127.0.0.1 at 2017-08-24 11:25:46 -0500
Processing by ProductsController#edit as HTML
  Parameters: {"id"=>"1"}
  [1m[36mProduct Load (0.4ms)[0m  [1m[34mSELECT  "products".* FROM "products" WHERE "products"."id" = ? LIMIT ?[0m  [["id", 1], ["LIMIT", 1]]
  Rendering products/edit.html.erb within layouts/application
  [1m[36mCategory Load (0.5ms)[0m  [1m[34mSELECT "categories".* FROM "categories"[0m
  Rendered products/edit.html.erb within layouts/application (6.2ms)
Completed 200 OK in 86ms (Views: 62.5ms | ActiveRecord: 1.0ms)


  [1m[36mHABTM_Products Exists (0.2ms)[0m  [1m[34mSELECT  1 AS one FROM "categories_products" LIMIT ?[0m  [["LIMIT", 1]]
  [1m[36mHABTM_Categories Exists (0.2ms)[0m  [1m[34mSELECT  1 AS one FROM "categories_products" LIMIT ?[0m  [["LIMIT", 1]]
  [1m[36mCategory Exists (0.2ms)[0m  [1m[34mSELECT  1 AS one FROM "categories" LIMIT ?[0m  [["LIMIT", 1]]
  [1m[36mProduct Exists (0.2ms)[0m  [1m[34mSELECT  1 AS one FROM "products" LIMIT ?[0m  [["LIMIT", 1]]
  [1m[35m (0.1ms)[0m  [1m[34mSELECT COUNT(*) FROM "categories"[0m
  [1m[35m (0.1ms)[0m  [1m[34mSELECT COUNT(*) FROM "categories"[0m
  [1m[36mCategory Load (0.2ms)[0m  [1m[34mSELECT  "categories".* FROM "categories" LIMIT ? OFFSET ?[0m  [["LIMIT", 9], ["OFFSET", 0]]
  [1m[35m (0.3ms)[0m  [1m[34mSELECT COUNT(*) FROM "products"[0m
  [1m[35m (0.1ms)[0m  [1m[34mSELECT COUNT(*) FROM "products"[0m
  [1m[36mProduct Load (0.2ms)[0m  [1m[34mSELECT  "products".* FROM "products" LIMIT ? OFFSET ?[0m  [["LIMIT", 1], ["OFFSET", 0]]
Started GET "/" for 127.0.0.1 at 2017-08-24 11:33:13 -0500
Processing by ProductsController#index as HTML
  Rendering products/index.html.erb within layouts/application
  [1m[36mProduct Load (0.3ms)[0m  [1m[34mSELECT "products".* FROM "products"[0m
  [1m[35m (0.5ms)[0m  [1m[34mSELECT "categories"."name" FROM "categories" INNER JOIN "categories_products" ON "categories"."id" = "categories_products"."category_id" WHERE "categories_products"."product_id" = ?[0m  [["product_id", 1]]
  Rendered products/index.html.erb within layouts/application (8.0ms)
Completed 200 OK in 80ms (Views: 77.2ms | ActiveRecord: 0.8ms)


Started GET "/products/new" for 127.0.0.1 at 2017-08-24 11:33:15 -0500
Processing by ProductsController#new as HTML
  Rendering products/new.html.erb within layouts/application
  [1m[36mCategory Load (0.4ms)[0m  [1m[34mSELECT "categories".* FROM "categories"[0m
  Rendered products/new.html.erb within layouts/application (52.6ms)
Completed 200 OK in 112ms (Views: 110.1ms | ActiveRecord: 0.4ms)


Started GET "/products/1/edit" for 127.0.0.1 at 2017-08-24 11:33:48 -0500
Processing by ProductsController#edit as HTML
  Parameters: {"id"=>"1"}
  [1m[36mProduct Load (0.2ms)[0m  [1m[34mSELECT  "products".* FROM "products" WHERE "products"."id" = ? LIMIT ?[0m  [["id", 1], ["LIMIT", 1]]
  Rendering products/edit.html.erb within layouts/application
  [1m[36mCategory Load (0.3ms)[0m  [1m[34mSELECT "categories".* FROM "categories"[0m
  [1m[35m (0.3ms)[0m  [1m[34mSELECT "categories"."id" FROM "categories" INNER JOIN "categories_products" ON "categories"."id" = "categories_products"."category_id" WHERE "categories_products"."product_id" = ?[0m  [["product_id", 1]]
  Rendered products/edit.html.erb within layouts/application (9.7ms)
Completed 200 OK in 82ms (Views: 79.0ms | ActiveRecord: 0.8ms)


